2022-08-19 12:59:48,474 INFO org.springframework.boot.StartupInfoLogger [restartedMain] Starting LoggingEsercizioApplication using Java 18.0.2 on DESKTOP-74SCBF5 with PID 636 (C:\Users\Angel0\IdeaProjects\Logging-esercizio\target\classes started by Angelo in C:\Users\Angel0\IdeaProjects\Logging-esercizio)
2022-08-19 12:59:48,476 DEBUG org.springframework.boot.StartupInfoLogger [restartedMain] Running with Spring Boot v2.7.3, Spring v5.3.22
2022-08-19 12:59:48,477 INFO org.springframework.boot.SpringApplication [restartedMain] No active profile set, falling back to 1 default profile: "default"
2022-08-19 12:59:48,561 INFO org.springframework.boot.logging.DeferredLog [restartedMain] Devtools property defaults active! Set 'spring.devtools.add-properties' to 'false' to disable
2022-08-19 12:59:48,562 INFO org.springframework.boot.logging.DeferredLog [restartedMain] For additional web related logging consider setting the 'logging.level.web' property to 'DEBUG'
2022-08-19 12:59:50,213 INFO org.springframework.boot.web.embedded.tomcat.TomcatWebServer [restartedMain] Tomcat initialized with port(s): 8080 (http)
2022-08-19 12:59:50,233 INFO org.apache.juli.logging.DirectJDKLog [restartedMain] Initializing ProtocolHandler ["http-nio-8080"]
2022-08-19 12:59:50,234 INFO org.apache.juli.logging.DirectJDKLog [restartedMain] Starting service [Tomcat]
2022-08-19 12:59:50,235 INFO org.apache.juli.logging.DirectJDKLog [restartedMain] Starting Servlet engine: [Apache Tomcat/9.0.65]
2022-08-19 12:59:50,308 INFO org.apache.juli.logging.DirectJDKLog [restartedMain] Initializing Spring embedded WebApplicationContext
2022-08-19 12:59:50,309 INFO org.springframework.boot.web.servlet.context.ServletWebServerApplicationContext [restartedMain] Root WebApplicationContext: initialization completed in 1746 ms
2022-08-19 12:59:50,738 INFO org.springframework.boot.devtools.autoconfigure.OptionalLiveReloadServer [restartedMain] LiveReload server is running on port 35729
2022-08-19 12:59:50,755 INFO org.apache.juli.logging.DirectJDKLog [restartedMain] Starting ProtocolHandler ["http-nio-8080"]
2022-08-19 12:59:50,809 INFO org.springframework.boot.web.embedded.tomcat.TomcatWebServer [restartedMain] Tomcat started on port(s): 8080 (http) with context path ''
2022-08-19 12:59:50,822 INFO org.springframework.boot.StartupInfoLogger [restartedMain] Started LoggingEsercizioApplication in 3.34 seconds (JVM running for 4.007)
2022-08-19 13:04:45,794 INFO org.apache.juli.logging.DirectJDKLog [http-nio-8080-exec-2] Initializing Spring DispatcherServlet 'dispatcherServlet'
2022-08-19 13:04:45,795 INFO org.springframework.web.servlet.FrameworkServlet [http-nio-8080-exec-2] Initializing Servlet 'dispatcherServlet'
2022-08-19 13:04:45,797 INFO org.springframework.web.servlet.FrameworkServlet [http-nio-8080-exec-2] Completed initialization in 2 ms
2022-08-19 13:04:45,830 INFO it.develhope.Loggingesercizio.controller.BasicController [http-nio-8080-exec-2] Start log
2022-08-19 13:05:13,113 INFO it.develhope.Loggingesercizio.services.NumberServices [http-nio-8080-exec-3] Start logger
2022-08-19 13:05:13,113 INFO it.develhope.Loggingesercizio.services.NumberServices [http-nio-8080-exec-3] End logger
2022-08-19 13:05:35,579 ERROR it.develhope.Loggingesercizio.controller.BasicController [http-nio-8080-exec-4] This is the error
2022-08-19 19:19:44,055 INFO org.springframework.boot.StartupInfoLogger [restartedMain] Starting LoggingEsercizioApplication using Java 18.0.2 on DESKTOP-74SCBF5 with PID 2240 (C:\Users\Angel0\IdeaProjects\Logging-esercizio\target\classes started by Angelo in C:\Users\Angel0\IdeaProjects\Logging-esercizio)
2022-08-19 19:19:44,057 DEBUG org.springframework.boot.StartupInfoLogger [restartedMain] Running with Spring Boot v2.7.3, Spring v5.3.22
2022-08-19 19:19:44,058 INFO org.springframework.boot.SpringApplication [restartedMain] No active profile set, falling back to 1 default profile: "default"
2022-08-19 19:19:44,132 INFO org.springframework.boot.logging.DeferredLog [restartedMain] Devtools property defaults active! Set 'spring.devtools.add-properties' to 'false' to disable
2022-08-19 19:19:44,133 INFO org.springframework.boot.logging.DeferredLog [restartedMain] For additional web related logging consider setting the 'logging.level.web' property to 'DEBUG'
2022-08-19 19:19:45,376 INFO org.springframework.boot.web.embedded.tomcat.TomcatWebServer [restartedMain] Tomcat initialized with port(s): 8080 (http)
2022-08-19 19:19:45,400 INFO org.apache.juli.logging.DirectJDKLog [restartedMain] Initializing ProtocolHandler ["http-nio-8080"]
2022-08-19 19:19:45,400 INFO org.apache.juli.logging.DirectJDKLog [restartedMain] Starting service [Tomcat]
2022-08-19 19:19:45,401 INFO org.apache.juli.logging.DirectJDKLog [restartedMain] Starting Servlet engine: [Apache Tomcat/9.0.65]
2022-08-19 19:19:45,470 INFO org.apache.juli.logging.DirectJDKLog [restartedMain] Initializing Spring embedded WebApplicationContext
2022-08-19 19:19:45,470 INFO org.springframework.boot.web.servlet.context.ServletWebServerApplicationContext [restartedMain] Root WebApplicationContext: initialization completed in 1336 ms
2022-08-19 19:19:45,888 INFO org.springframework.boot.devtools.autoconfigure.OptionalLiveReloadServer [restartedMain] LiveReload server is running on port 35729
2022-08-19 19:19:45,904 INFO org.apache.juli.logging.DirectJDKLog [restartedMain] Starting ProtocolHandler ["http-nio-8080"]
2022-08-19 19:19:45,928 INFO org.springframework.boot.web.embedded.tomcat.TomcatWebServer [restartedMain] Tomcat started on port(s): 8080 (http) with context path ''
2022-08-19 19:19:45,941 INFO org.springframework.boot.StartupInfoLogger [restartedMain] Started LoggingEsercizioApplication in 2.827 seconds (JVM running for 3.504)
2022-08-19 19:20:06,391 INFO org.apache.juli.logging.DirectJDKLog [http-nio-8080-exec-1] Initializing Spring DispatcherServlet 'dispatcherServlet'
2022-08-19 19:20:06,392 INFO org.springframework.web.servlet.FrameworkServlet [http-nio-8080-exec-1] Initializing Servlet 'dispatcherServlet'
2022-08-19 19:20:06,393 INFO org.springframework.web.servlet.FrameworkServlet [http-nio-8080-exec-1] Completed initialization in 1 ms
2022-08-19 19:20:06,421 INFO it.develhope.Loggingesercizio.controller.BasicController [http-nio-8080-exec-1] Start log
2022-08-19 19:20:20,095 INFO it.develhope.Loggingesercizio.services.NumberServices [http-nio-8080-exec-3] Start logger
2022-08-19 19:20:20,096 INFO it.develhope.Loggingesercizio.services.NumberServices [http-nio-8080-exec-3] End logger
2022-08-19 19:20:23,627 INFO it.develhope.Loggingesercizio.services.NumberServices [http-nio-8080-exec-4] Start logger
2022-08-19 19:20:23,628 INFO it.develhope.Loggingesercizio.services.NumberServices [http-nio-8080-exec-4] End logger
2022-08-19 19:20:26,087 INFO it.develhope.Loggingesercizio.services.NumberServices [http-nio-8080-exec-5] Start logger
2022-08-19 19:20:26,088 INFO it.develhope.Loggingesercizio.services.NumberServices [http-nio-8080-exec-5] End logger
2022-08-19 19:20:28,131 INFO it.develhope.Loggingesercizio.services.NumberServices [http-nio-8080-exec-6] Start logger
2022-08-19 19:20:28,132 INFO it.develhope.Loggingesercizio.services.NumberServices [http-nio-8080-exec-6] End logger
2022-08-19 19:20:42,518 ERROR it.develhope.Loggingesercizio.controller.BasicController [http-nio-8080-exec-7] This is the error
2022-08-19 19:20:45,883 ERROR it.develhope.Loggingesercizio.controller.BasicController [http-nio-8080-exec-8] This is the error
